Determining if the Q_WS_X11 exist failed with the following output:
Change Dir: /Users/Cynthia/Desktop/Danlab/neuroscope-2.0.0/build/CMakeFiles/CMakeTmp

Run Build Command:"/usr/bin/make" "cmTC_3ac77/fast"
/Applications/Xcode.app/Contents/Developer/usr/bin/make -f CMakeFiles/cmTC_3ac77.dir/build.make CMakeFiles/cmTC_3ac77.dir/build
Building CXX object CMakeFiles/cmTC_3ac77.dir/CheckSymbolExists.cxx.o
/Applications/Xcode.app/Contents/Developer/Toolchains/XcodeDefault.xctoolchain/usr/bin/c++    -I/usr/local/include -F/usr/local/lib   -o CMakeFiles/cmTC_3ac77.dir/CheckSymbolExists.cxx.o -c /Users/Cynthia/Desktop/Danlab/neuroscope-2.0.0/build/CMakeFiles/CMakeTmp/CheckSymbolExists.cxx
/Users/Cynthia/Desktop/Danlab/neuroscope-2.0.0/build/CMakeFiles/CMakeTmp/CheckSymbolExists.cxx:8:19: error: use of undeclared identifier 'Q_WS_X11'
  return ((int*)(&Q_WS_X11))[argc];
                  ^
1 error generated.
make[1]: *** [CMakeFiles/cmTC_3ac77.dir/CheckSymbolExists.cxx.o] Error 1
make: *** [cmTC_3ac77/fast] Error 2

File /Users/Cynthia/Desktop/Danlab/neuroscope-2.0.0/build/CMakeFiles/CMakeTmp/CheckSymbolExists.cxx:
/* */
#include <QtCore/qglobal.h>

int main(int argc, char** argv)
{
  (void)argv;
#ifndef Q_WS_X11
  return ((int*)(&Q_WS_X11))[argc];
#else
  (void)argc;
  return 0;
#endif
}

Determining if the Q_WS_WIN exist failed with the following output:
Change Dir: /Users/Cynthia/Desktop/Danlab/neuroscope-2.0.0/build/CMakeFiles/CMakeTmp

Run Build Command:"/usr/bin/make" "cmTC_925a5/fast"
/Applications/Xcode.app/Contents/Developer/usr/bin/make -f CMakeFiles/cmTC_925a5.dir/build.make CMakeFiles/cmTC_925a5.dir/build
Building CXX object CMakeFiles/cmTC_925a5.dir/CheckSymbolExists.cxx.o
/Applications/Xcode.app/Contents/Developer/Toolchains/XcodeDefault.xctoolchain/usr/bin/c++    -I/usr/local/include -F/usr/local/lib   -o CMakeFiles/cmTC_925a5.dir/CheckSymbolExists.cxx.o -c /Users/Cynthia/Desktop/Danlab/neuroscope-2.0.0/build/CMakeFiles/CMakeTmp/CheckSymbolExists.cxx
/Users/Cynthia/Desktop/Danlab/neuroscope-2.0.0/build/CMakeFiles/CMakeTmp/CheckSymbolExists.cxx:8:19: error: use of undeclared identifier 'Q_WS_WIN'
  return ((int*)(&Q_WS_WIN))[argc];
                  ^
1 error generated.
make[1]: *** [CMakeFiles/cmTC_925a5.dir/CheckSymbolExists.cxx.o] Error 1
make: *** [cmTC_925a5/fast] Error 2

File /Users/Cynthia/Desktop/Danlab/neuroscope-2.0.0/build/CMakeFiles/CMakeTmp/CheckSymbolExists.cxx:
/* */
#include <QtCore/qglobal.h>

int main(int argc, char** argv)
{
  (void)argv;
#ifndef Q_WS_WIN
  return ((int*)(&Q_WS_WIN))[argc];
#else
  (void)argc;
  return 0;
#endif
}

Determining if the Q_WS_QWS exist failed with the following output:
Change Dir: /Users/Cynthia/Desktop/Danlab/neuroscope-2.0.0/build/CMakeFiles/CMakeTmp

Run Build Command:"/usr/bin/make" "cmTC_9e5bf/fast"
/Applications/Xcode.app/Contents/Developer/usr/bin/make -f CMakeFiles/cmTC_9e5bf.dir/build.make CMakeFiles/cmTC_9e5bf.dir/build
Building CXX object CMakeFiles/cmTC_9e5bf.dir/CheckSymbolExists.cxx.o
/Applications/Xcode.app/Contents/Developer/Toolchains/XcodeDefault.xctoolchain/usr/bin/c++    -I/usr/local/include -F/usr/local/lib   -o CMakeFiles/cmTC_9e5bf.dir/CheckSymbolExists.cxx.o -c /Users/Cynthia/Desktop/Danlab/neuroscope-2.0.0/build/CMakeFiles/CMakeTmp/CheckSymbolExists.cxx
/Users/Cynthia/Desktop/Danlab/neuroscope-2.0.0/build/CMakeFiles/CMakeTmp/CheckSymbolExists.cxx:8:19: error: use of undeclared identifier 'Q_WS_QWS'
  return ((int*)(&Q_WS_QWS))[argc];
                  ^
1 error generated.
make[1]: *** [CMakeFiles/cmTC_9e5bf.dir/CheckSymbolExists.cxx.o] Error 1
make: *** [cmTC_9e5bf/fast] Error 2

File /Users/Cynthia/Desktop/Danlab/neuroscope-2.0.0/build/CMakeFiles/CMakeTmp/CheckSymbolExists.cxx:
/* */
#include <QtCore/qglobal.h>

int main(int argc, char** argv)
{
  (void)argv;
#ifndef Q_WS_QWS
  return ((int*)(&Q_WS_QWS))[argc];
#else
  (void)argc;
  return 0;
#endif
}

